[debug] [2026-07-17T09:53:22.850Z] ----------------------------------------------------------------------
[debug] [2026-07-17T09:53:22.852Z] Command:       /usr/local/share/nvm/versions/node/v24.14.0/bin/node /home/codespace/.npm/_npx/ba4f1959e38407b5/node_modules/.bin/firebase --non-interactive
[debug] [2026-07-17T09:53:22.853Z] CLI Version:   15.24.0
[debug] [2026-07-17T09:53:22.853Z] Platform:      linux
[debug] [2026-07-17T09:53:22.854Z] Node Version:  v24.14.0
[debug] [2026-07-17T09:53:22.854Z] Detected Agent: open_code
[debug] [2026-07-17T09:53:22.854Z] Time:          Fri Jul 17 2026 09:53:22 GMT+0000 (Coordinated Universal Time)
[debug] [2026-07-17T09:53:22.854Z] ----------------------------------------------------------------------
[debug] 
[debug] [2026-07-17T09:53:22.857Z] TypeError: Cannot read properties of undefined (reading '0')
    at Command.<anonymous> (/home/codespace/.npm/_npx/ba4f1959e38407b5/node_modules/firebase-tools/lib/index.js:78:21)
    at Command.listener [as _actionHandler] (/home/codespace/.npm/_npx/ba4f1959e38407b5/node_modules/commander/index.js:413:31)
    at Command._parseCommand (/home/codespace/.npm/_npx/ba4f1959e38407b5/node_modules/commander/index.js:914:14)
    at Command.parse (/home/codespace/.npm/_npx/ba4f1959e38407b5/node_modules/commander/index.js:717:10)
    at cli (/home/codespace/.npm/_npx/ba4f1959e38407b5/node_modules/firebase-tools/lib/bin/cli.js:138:26)
    at Object.<anonymous> (/home/codespace/.npm/_npx/ba4f1959e38407b5/node_modules/firebase-tools/lib/bin/firebase.js:27:5)
    at Module._compile (node:internal/modules/cjs/loader:1812:14)
    at Object..js (node:internal/modules/cjs/loader:1943:10)
    at Module.load (node:internal/modules/cjs/loader:1533:32)
    at Module._load (node:internal/modules/cjs/loader:1335:12)
[error] 
[error] Error: An unexpected error has occurred.
